<?xml version="1.0" encoding="UTF-8"?>
<!-- Generated by org.testng.reporters.JUnitReportReporter -->
<testsuite hostname="DESKTOP-24G6BN3" failures="0" tests="3" name="MenuTest" time="0.826" errors="0" timestamp="2022-11-13T01:27:20 CET" skipped="0">
  <testcase classname="MenuTest" name="shouldOpenAccessoriesPage" time="0.352"/>
  <system-out/>
  <testcase classname="MenuTest" name="shouldOpenMainPage" time="0.250"/>
  <system-out/>
  <testcase classname="MenuTest" name="shouldOpenClothesPage" time="0.224"/>
  <system-out/>
</testsuite> <!-- MenuTest -->
